# JRE version: Java(TM) SE Runtime Environment (7.0_75-b13) (build 1.7.0_75-b13)
# Java VM: Java HotSpot(TM) 64-Bit Server VM (24.75-b04 mixed mode windows-amd64 compressed oops)
Heap
 PSYoungGen      total 28672K, used 13841K [0x00000000e0c00000, 0x00000000e4400000, 0x0000000100000000)
  eden space 25088K, 40% used [0x00000000e0c00000,0x00000000e1604f38,0x00000000e2480000)
  from space 3584K, 99% used [0x00000000e2800000,0x00000000e2b7f5d8,0x00000000e2b80000)
  to   space 3584K, 0% used [0x00000000e2480000,0x00000000e2480000,0x00000000e2800000)
 ParOldGen       total 64000K, used 13691K [0x00000000a2400000, 0x00000000a6280000, 0x00000000e0c00000)
  object space 64000K, 21% used [0x00000000a2400000,0x00000000a315ee58,0x00000000a6280000)
 PSPermGen       total 21504K, used 15617K [0x000000009d200000, 0x000000009e700000, 0x00000000a2400000)
  object space 21504K, 72% used [0x000000009d200000,0x000000009e140538,0x000000009e700000)
GC Heap History (4 events):
Event: 0.878 GC heap before
{Heap before GC invocations=1 (full 0):
 PSYoungGen      total 28672K, used 25088K [0x00000000e0c00000, 0x00000000e2b80000, 0x0000000100000000)
  eden space 25088K, 100% used [0x00000000e0c00000,0x00000000e2480000,0x00000000e2480000)
  from space 3584K, 0% used [0x00000000e2800000,0x00000000e2800000,0x00000000e2b80000)
  to   space 3584K, 0% used [0x00000000e2480000,0x00000000e2480000,0x00000000e2800000)
 ParOldGen       total 64000K, used 0K [0x00000000a2400000, 0x00000000a6280000, 0x00000000e0c00000)
  object space 64000K, 0% used [0x00000000a2400000,0x00000000a2400000,0x00000000a6280000)
 PSPermGen       total 21504K, used 9822K [0x000000009d200000, 0x000000009e700000, 0x00000000a2400000)
  object space 21504K, 45% used [0x000000009d200000,0x000000009db97b40,0x000000009e700000)
Event: 0.885 GC heap after
Heap after GC invocations=1 (full 0):
 PSYoungGen      total 28672K, used 3565K [0x00000000e0c00000, 0x00000000e2b80000, 0x0000000100000000)
  eden space 25088K, 0% used [0x00000000e0c00000,0x00000000e0c00000,0x00000000e2480000)
  from space 3584K, 99% used [0x00000000e2480000,0x00000000e27fb6f0,0x00000000e2800000)
  to   space 3584K, 0% used [0x00000000e2800000,0x00000000e2800000,0x00000000e2b80000)
 ParOldGen       total 64000K, used 2573K [0x00000000a2400000, 0x00000000a6280000, 0x00000000e0c00000)
  object space 64000K, 4% used [0x00000000a2400000,0x00000000a2683670,0x00000000a6280000)
 PSPermGen       total 21504K, used 9822K [0x000000009d200000, 0x000000009e700000, 0x00000000a2400000)
  object space 21504K, 45% used [0x000000009d200000,0x000000009db97b40,0x000000009e700000)
}
Event: 1.661 GC heap before
{Heap before GC invocations=2 (full 0):
 PSYoungGen      total 28672K, used 28653K [0x00000000e0c00000, 0x00000000e2b80000, 0x0000000100000000)
  eden space 25088K, 100% used [0x00000000e0c00000,0x00000000e2480000,0x00000000e2480000)
  from space 3584K, 99% used [0x00000000e2480000,0x00000000e27fb6f0,0x00000000e2800000)
  to   space 3584K, 0% used [0x00000000e2800000,0x00000000e2800000,0x00000000e2b80000)
 ParOldGen       total 64000K, used 2573K [0x00000000a2400000, 0x00000000a6280000, 0x00000000e0c00000)
  object space 64000K, 4% used [0x00000000a2400000,0x00000000a2683670,0x00000000a6280000)
 PSPermGen       total 21504K, used 12950K [0x000000009d200000, 0x000000009e700000, 0x00000000a2400000)
  object space 21504K, 60% used [0x000000009d200000,0x000000009dea5a78,0x000000009e700000)
Event: 1.678 GC heap after
Heap after GC invocations=2 (full 0):
 PSYoungGen      total 28672K, used 3581K [0x00000000e0c00000, 0x00000000e4400000, 0x0000000100000000)
  eden space 25088K, 0% used [0x00000000e0c00000,0x00000000e0c00000,0x00000000e2480000)
  from space 3584K, 99% used [0x00000000e2800000,0x00000000e2b7f5d8,0x00000000e2b80000)
  to   space 3584K, 0% used [0x00000000e2480000,0x00000000e2480000,0x00000000e2800000)
 ParOldGen       total 64000K, used 13691K [0x00000000a2400000, 0x00000000a6280000, 0x00000000e0c00000)
  object space 64000K, 21% used [0x00000000a2400000,0x00000000a315ee58,0x00000000a6280000)
 PSPermGen       total 21504K, used 12950K [0x000000009d200000, 0x000000009e700000, 0x00000000a2400000)
  object space 21504K, 60% used [0x000000009d200000,0x000000009dea5a78,0x000000009e700000)
}

