# JRE version: Java(TM) SE Runtime Environment (7.0_75-b13) (build 1.7.0_75-b13)
# Java VM: Java HotSpot(TM) 64-Bit Server VM (24.75-b04 mixed mode windows-amd64 compressed oops)
Heap
 PSYoungGen      total 28672K, used 10805K [0x00000000e0c00000, 0x00000000e4400000, 0x0000000100000000)
  eden space 25088K, 28% used [0x00000000e0c00000,0x00000000e1310c28,0x00000000e2480000)
  from space 3584K, 99% used [0x00000000e2800000,0x00000000e2b7cad0,0x00000000e2b80000)
  to   space 3584K, 0% used [0x00000000e2480000,0x00000000e2480000,0x00000000e2800000)
 ParOldGen       total 64000K, used 16993K [0x00000000a2400000, 0x00000000a6280000, 0x00000000e0c00000)
  object space 64000K, 26% used [0x00000000a2400000,0x00000000a34987f0,0x00000000a6280000)
 PSPermGen       total 21504K, used 15350K [0x000000009d200000, 0x000000009e700000, 0x00000000a2400000)
  object space 21504K, 71% used [0x000000009d200000,0x000000009e0fda48,0x000000009e700000)
GC Heap History (4 events):
Event: 1.219 GC heap before
{Heap before GC invocations=1 (full 0):
 PSYoungGen      total 28672K, used 25088K [0x00000000e0c00000, 0x00000000e2b80000, 0x0000000100000000)
  eden space 25088K, 100% used [0x00000000e0c00000,0x00000000e2480000,0x00000000e2480000)
  from space 3584K, 0% used [0x00000000e2800000,0x00000000e2800000,0x00000000e2b80000)
  to   space 3584K, 0% used [0x00000000e2480000,0x00000000e2480000,0x00000000e2800000)
 ParOldGen       total 64000K, used 0K [0x00000000a2400000, 0x00000000a6280000, 0x00000000e0c00000)
  object space 64000K, 0% used [0x00000000a2400000,0x00000000a2400000,0x00000000a6280000)
 PSPermGen       total 21504K, used 10166K [0x000000009d200000, 0x000000009e700000, 0x00000000a2400000)
  object space 21504K, 47% used [0x000000009d200000,0x000000009dbed980,0x000000009e700000)
Event: 1.226 GC heap after
Heap after GC invocations=1 (full 0):
 PSYoungGen      total 28672K, used 3554K [0x00000000e0c00000, 0x00000000e2b80000, 0x0000000100000000)
  eden space 25088K, 0% used [0x00000000e0c00000,0x00000000e0c00000,0x00000000e2480000)
  from space 3584K, 99% used [0x00000000e2480000,0x00000000e27f8bf8,0x00000000e2800000)
  to   space 3584K, 0% used [0x00000000e2800000,0x00000000e2800000,0x00000000e2b80000)
 ParOldGen       total 64000K, used 3323K [0x00000000a2400000, 0x00000000a6280000, 0x00000000e0c00000)
  object space 64000K, 5% used [0x00000000a2400000,0x00000000a273ed78,0x00000000a6280000)
 PSPermGen       total 21504K, used 10166K [0x000000009d200000, 0x000000009e700000, 0x00000000a2400000)
  object space 21504K, 47% used [0x000000009d200000,0x000000009dbed980,0x000000009e700000)
}
Event: 1.819 GC heap before
{Heap before GC invocations=2 (full 0):
 PSYoungGen      total 28672K, used 28642K [0x00000000e0c00000, 0x00000000e2b80000, 0x0000000100000000)
  eden space 25088K, 100% used [0x00000000e0c00000,0x00000000e2480000,0x00000000e2480000)
  from space 3584K, 99% used [0x00000000e2480000,0x00000000e27f8bf8,0x00000000e2800000)
  to   space 3584K, 0% used [0x00000000e2800000,0x00000000e2800000,0x00000000e2b80000)
 ParOldGen       total 64000K, used 3323K [0x00000000a2400000, 0x00000000a6280000, 0x00000000e0c00000)
  object space 64000K, 5% used [0x00000000a2400000,0x00000000a273ed78,0x00000000a6280000)
 PSPermGen       total 21504K, used 12943K [0x000000009d200000, 0x000000009e700000, 0x00000000a2400000)
  object space 21504K, 60% used [0x000000009d200000,0x000000009dea3ce8,0x000000009e700000)
Event: 1.836 GC heap after
Heap after GC invocations=2 (full 0):
 PSYoungGen      total 28672K, used 3570K [0x00000000e0c00000, 0x00000000e4400000, 0x0000000100000000)
  eden space 25088K, 0% used [0x00000000e0c00000,0x00000000e0c00000,0x00000000e2480000)
  from space 3584K, 99% used [0x00000000e2800000,0x00000000e2b7cad0,0x00000000e2b80000)
  to   space 3584K, 0% used [0x00000000e2480000,0x00000000e2480000,0x00000000e2800000)
 ParOldGen       total 64000K, used 16993K [0x00000000a2400000, 0x00000000a6280000, 0x00000000e0c00000)
  object space 64000K, 26% used [0x00000000a2400000,0x00000000a34987f0,0x00000000a6280000)
 PSPermGen       total 21504K, used 12943K [0x000000009d200000, 0x000000009e700000, 0x00000000a2400000)
  object space 21504K, 60% used [0x000000009d200000,0x000000009dea3ce8,0x000000009e700000)
}

